2020-09-26 00:26:57 INFO  WebDriverManager:269 - Please answer the following questionnaire based on your experience with WebDriverManager. Thanks a lot!
2020-09-26 00:26:57 INFO  WebDriverManager:271 - ====> http://tiny.cc/wdm-survey <====
2020-09-26 00:26:57 INFO  WebDriverManager:571 - Using chromedriver 85.0.4183.87 (since Chrome 85 is installed in your machine)
2020-09-26 00:26:58 INFO  WebDriverManager:615 - Exporting webdriver.chrome.driver as C:\Users\shami\.m2\repository\webdriver\chromedriver\win32\85.0.4183.87\chromedriver.exe
2020-09-26 00:27:08 INFO  WebDriverManager:269 - Please answer the following questionnaire based on your experience with WebDriverManager. Thanks a lot!
2020-09-26 00:27:08 INFO  WebDriverManager:271 - ====> http://tiny.cc/wdm-survey <====
2020-09-26 00:27:08 INFO  WebDriverManager:571 - Using chromedriver 85.0.4183.87 (since Chrome 85 is installed in your machine)
2020-09-26 00:27:08 INFO  WebDriverManager:615 - Exporting webdriver.chrome.driver as C:\Users\shami\.m2\repository\webdriver\chromedriver\win32\85.0.4183.87\chromedriver.exe
2020-09-26 00:28:11 INFO  WebDriverManager:269 - Please answer the following questionnaire based on your experience with WebDriverManager. Thanks a lot!
2020-09-26 00:28:11 INFO  WebDriverManager:271 - ====> http://tiny.cc/wdm-survey <====
2020-09-26 00:28:12 INFO  WebDriverManager:571 - Using chromedriver 85.0.4183.87 (since Chrome 85 is installed in your machine)
2020-09-26 00:28:12 INFO  WebDriverManager:615 - Exporting webdriver.chrome.driver as C:\Users\shami\.m2\repository\webdriver\chromedriver\win32\85.0.4183.87\chromedriver.exe
2020-09-26 00:28:22 INFO  WebDriverManager:269 - Please answer the following questionnaire based on your experience with WebDriverManager. Thanks a lot!
2020-09-26 00:28:22 INFO  WebDriverManager:271 - ====> http://tiny.cc/wdm-survey <====
2020-09-26 00:28:22 INFO  WebDriverManager:571 - Using chromedriver 85.0.4183.87 (since Chrome 85 is installed in your machine)
2020-09-26 00:28:22 INFO  WebDriverManager:615 - Exporting webdriver.chrome.driver as C:\Users\shami\.m2\repository\webdriver\chromedriver\win32\85.0.4183.87\chromedriver.exe
2020-09-26 00:29:21 INFO  WebDriverManager:269 - Please answer the following questionnaire based on your experience with WebDriverManager. Thanks a lot!
2020-09-26 00:29:21 INFO  WebDriverManager:271 - ====> http://tiny.cc/wdm-survey <====
2020-09-26 00:29:21 INFO  WebDriverManager:571 - Using chromedriver 85.0.4183.87 (since Chrome 85 is installed in your machine)
2020-09-26 00:29:21 INFO  WebDriverManager:615 - Exporting webdriver.chrome.driver as C:\Users\shami\.m2\repository\webdriver\chromedriver\win32\85.0.4183.87\chromedriver.exe
2020-09-26 00:29:31 INFO  TestBase:16 - Starting of TestMethodOne
2020-09-26 00:29:31 INFO  TestBase:37 - Test SkippedMethodOne
2020-09-26 00:29:31 INFO  WebDriverManager:269 - Please answer the following questionnaire based on your experience with WebDriverManager. Thanks a lot!
2020-09-26 00:29:31 INFO  WebDriverManager:271 - ====> http://tiny.cc/wdm-survey <====
2020-09-26 00:29:31 INFO  WebDriverManager:571 - Using chromedriver 85.0.4183.87 (since Chrome 85 is installed in your machine)
2020-09-26 00:29:31 INFO  WebDriverManager:615 - Exporting webdriver.chrome.driver as C:\Users\shami\.m2\repository\webdriver\chromedriver\win32\85.0.4183.87\chromedriver.exe
2020-09-26 00:29:39 INFO  TestBase:16 - Starting of TestMethodOne
2020-09-26 00:29:39 INFO  TestBase:37 - Test SkippedMethodOne
2020-09-26 00:29:39 INFO  WebDriverManager:269 - Please answer the following questionnaire based on your experience with WebDriverManager. Thanks a lot!
2020-09-26 00:29:39 INFO  WebDriverManager:271 - ====> http://tiny.cc/wdm-survey <====
2020-09-26 00:29:39 INFO  WebDriverManager:571 - Using chromedriver 85.0.4183.87 (since Chrome 85 is installed in your machine)
2020-09-26 00:29:39 INFO  WebDriverManager:615 - Exporting webdriver.chrome.driver as C:\Users\shami\.m2\repository\webdriver\chromedriver\win32\85.0.4183.87\chromedriver.exe
2020-09-26 00:29:48 INFO  TestBase:16 - Starting of TestMethodOne
2020-09-26 00:29:48 INFO  TestBase:30 - Failure of TestMethodOne
2020-09-26 00:29:48 INFO  TestBase:30 - Failure of TestMethodOne
2020-09-26 00:32:37 INFO  WebDriverManager:269 - Please answer the following questionnaire based on your experience with WebDriverManager. Thanks a lot!
2020-09-26 00:32:37 INFO  WebDriverManager:271 - ====> http://tiny.cc/wdm-survey <====
2020-09-26 00:32:37 INFO  WebDriverManager:571 - Using chromedriver 85.0.4183.87 (since Chrome 85 is installed in your machine)
2020-09-26 00:32:37 INFO  WebDriverManager:615 - Exporting webdriver.chrome.driver as C:\Users\shami\.m2\repository\webdriver\chromedriver\win32\85.0.4183.87\chromedriver.exe
2020-09-26 00:32:47 INFO  TestBase:16 - Starting of TestMethodOne
2020-09-26 00:32:47 INFO  TestBase:37 - Test SkippedMethodOne
2020-09-26 00:32:47 INFO  WebDriverManager:269 - Please answer the following questionnaire based on your experience with WebDriverManager. Thanks a lot!
2020-09-26 00:32:47 INFO  WebDriverManager:271 - ====> http://tiny.cc/wdm-survey <====
2020-09-26 00:32:47 INFO  WebDriverManager:571 - Using chromedriver 85.0.4183.87 (since Chrome 85 is installed in your machine)
2020-09-26 00:32:47 INFO  WebDriverManager:615 - Exporting webdriver.chrome.driver as C:\Users\shami\.m2\repository\webdriver\chromedriver\win32\85.0.4183.87\chromedriver.exe
2020-09-26 00:32:55 INFO  TestBase:16 - Starting of TestMethodOne
2020-09-26 00:32:55 INFO  TestBase:37 - Test SkippedMethodOne
2020-09-26 00:32:55 INFO  WebDriverManager:269 - Please answer the following questionnaire based on your experience with WebDriverManager. Thanks a lot!
2020-09-26 00:32:55 INFO  WebDriverManager:271 - ====> http://tiny.cc/wdm-survey <====
2020-09-26 00:32:55 INFO  WebDriverManager:571 - Using chromedriver 85.0.4183.87 (since Chrome 85 is installed in your machine)
2020-09-26 00:32:55 INFO  WebDriverManager:615 - Exporting webdriver.chrome.driver as C:\Users\shami\.m2\repository\webdriver\chromedriver\win32\85.0.4183.87\chromedriver.exe
2020-09-26 00:33:06 INFO  TestBase:16 - Starting of TestMethodOne
2020-09-26 00:33:06 INFO  TestBase:30 - Failure of TestMethodOne
2020-09-26 00:33:06 INFO  TestBase:30 - Failure of TestMethodOne
2020-09-26 00:34:05 INFO  WebDriverManager:269 - Please answer the following questionnaire based on your experience with WebDriverManager. Thanks a lot!
2020-09-26 00:34:05 INFO  WebDriverManager:271 - ====> http://tiny.cc/wdm-survey <====
2020-09-26 00:34:05 INFO  WebDriverManager:571 - Using chromedriver 85.0.4183.87 (since Chrome 85 is installed in your machine)
2020-09-26 00:34:05 INFO  WebDriverManager:615 - Exporting webdriver.chrome.driver as C:\Users\shami\.m2\repository\webdriver\chromedriver\win32\85.0.4183.87\chromedriver.exe
2020-09-26 00:34:15 INFO  TestBase:16 - Starting of TestMethodOne
2020-09-26 00:34:15 INFO  TestBase:37 - Test SkippedMethodOne
2020-09-26 00:34:15 INFO  WebDriverManager:269 - Please answer the following questionnaire based on your experience with WebDriverManager. Thanks a lot!
2020-09-26 00:34:15 INFO  WebDriverManager:271 - ====> http://tiny.cc/wdm-survey <====
2020-09-26 00:34:15 INFO  WebDriverManager:571 - Using chromedriver 85.0.4183.87 (since Chrome 85 is installed in your machine)
2020-09-26 00:34:15 INFO  WebDriverManager:615 - Exporting webdriver.chrome.driver as C:\Users\shami\.m2\repository\webdriver\chromedriver\win32\85.0.4183.87\chromedriver.exe
2020-09-26 00:34:24 INFO  TestBase:16 - Starting of TestMethodOne
2020-09-26 00:34:24 INFO  TestBase:37 - Test SkippedMethodOne
2020-09-26 00:34:24 INFO  WebDriverManager:269 - Please answer the following questionnaire based on your experience with WebDriverManager. Thanks a lot!
2020-09-26 00:34:24 INFO  WebDriverManager:271 - ====> http://tiny.cc/wdm-survey <====
2020-09-26 00:34:24 INFO  WebDriverManager:571 - Using chromedriver 85.0.4183.87 (since Chrome 85 is installed in your machine)
2020-09-26 00:34:24 INFO  WebDriverManager:615 - Exporting webdriver.chrome.driver as C:\Users\shami\.m2\repository\webdriver\chromedriver\win32\85.0.4183.87\chromedriver.exe
2020-09-26 00:34:34 INFO  TestBase:16 - Starting of TestMethodOne
2020-09-26 00:34:34 INFO  TestBase:30 - Failure of TestMethodOne
2020-09-26 00:34:34 INFO  TestBase:30 - Failure of TestMethodOne
2020-09-26 00:45:04 INFO  WebDriverManager:269 - Please answer the following questionnaire based on your experience with WebDriverManager. Thanks a lot!
2020-09-26 00:45:04 INFO  WebDriverManager:271 - ====> http://tiny.cc/wdm-survey <====
2020-09-26 00:45:04 INFO  WebDriverManager:571 - Using chromedriver 85.0.4183.87 (since Chrome 85 is installed in your machine)
2020-09-26 00:45:04 INFO  WebDriverManager:615 - Exporting webdriver.chrome.driver as C:\Users\shami\.m2\repository\webdriver\chromedriver\win32\85.0.4183.87\chromedriver.exe
2020-09-26 00:45:13 INFO  TestBase:16 - Starting of TestMethodOne
2020-09-26 00:45:13 INFO  TestBase:38 - Test SkippedMethodOne
2020-09-26 00:45:13 INFO  WebDriverManager:269 - Please answer the following questionnaire based on your experience with WebDriverManager. Thanks a lot!
2020-09-26 00:45:13 INFO  WebDriverManager:271 - ====> http://tiny.cc/wdm-survey <====
2020-09-26 00:45:13 INFO  WebDriverManager:571 - Using chromedriver 85.0.4183.87 (since Chrome 85 is installed in your machine)
2020-09-26 00:45:13 INFO  WebDriverManager:615 - Exporting webdriver.chrome.driver as C:\Users\shami\.m2\repository\webdriver\chromedriver\win32\85.0.4183.87\chromedriver.exe
2020-09-26 00:45:22 INFO  TestBase:16 - Starting of TestMethodOne
2020-09-26 00:45:22 INFO  TestBase:38 - Test SkippedMethodOne
2020-09-26 00:45:22 INFO  WebDriverManager:269 - Please answer the following questionnaire based on your experience with WebDriverManager. Thanks a lot!
2020-09-26 00:45:22 INFO  WebDriverManager:271 - ====> http://tiny.cc/wdm-survey <====
2020-09-26 00:45:22 INFO  WebDriverManager:571 - Using chromedriver 85.0.4183.87 (since Chrome 85 is installed in your machine)
2020-09-26 00:45:22 INFO  WebDriverManager:615 - Exporting webdriver.chrome.driver as C:\Users\shami\.m2\repository\webdriver\chromedriver\win32\85.0.4183.87\chromedriver.exe
2020-09-26 00:45:31 INFO  TestBase:16 - Starting of TestMethodOne
2020-09-26 00:45:31 INFO  TestBase:30 - Failure of TestMethodOne
2020-09-26 00:45:31 INFO  TestBase:30 - Failure of TestMethodOne
2020-09-26 00:55:46 INFO  WebDriverManager:269 - Please answer the following questionnaire based on your experience with WebDriverManager. Thanks a lot!
2020-09-26 00:55:46 INFO  WebDriverManager:271 - ====> http://tiny.cc/wdm-survey <====
2020-09-26 00:55:46 INFO  WebDriverManager:571 - Using chromedriver 85.0.4183.87 (since Chrome 85 is installed in your machine)
2020-09-26 00:55:47 INFO  WebDriverManager:615 - Exporting webdriver.chrome.driver as C:\Users\shami\.m2\repository\webdriver\chromedriver\win32\85.0.4183.87\chromedriver.exe
2020-09-26 00:55:59 INFO  TestBase:16 - Starting of TestMethodOne
2020-09-26 00:55:59 INFO  TestBase:38 - Test SkippedMethodOne
2020-09-26 00:55:59 INFO  WebDriverManager:269 - Please answer the following questionnaire based on your experience with WebDriverManager. Thanks a lot!
2020-09-26 00:55:59 INFO  WebDriverManager:271 - ====> http://tiny.cc/wdm-survey <====
2020-09-26 00:55:59 INFO  WebDriverManager:571 - Using chromedriver 85.0.4183.87 (since Chrome 85 is installed in your machine)
2020-09-26 00:55:59 INFO  WebDriverManager:615 - Exporting webdriver.chrome.driver as C:\Users\shami\.m2\repository\webdriver\chromedriver\win32\85.0.4183.87\chromedriver.exe
2020-09-26 00:56:09 INFO  TestBase:16 - Starting of TestMethodOne
2020-09-26 00:56:09 INFO  TestBase:38 - Test SkippedMethodOne
2020-09-26 00:56:09 INFO  WebDriverManager:269 - Please answer the following questionnaire based on your experience with WebDriverManager. Thanks a lot!
2020-09-26 00:56:09 INFO  WebDriverManager:271 - ====> http://tiny.cc/wdm-survey <====
2020-09-26 00:56:09 INFO  WebDriverManager:571 - Using chromedriver 85.0.4183.87 (since Chrome 85 is installed in your machine)
2020-09-26 00:56:09 INFO  WebDriverManager:615 - Exporting webdriver.chrome.driver as C:\Users\shami\.m2\repository\webdriver\chromedriver\win32\85.0.4183.87\chromedriver.exe
2020-09-26 00:56:18 INFO  TestBase:16 - Starting of TestMethodOne
2020-09-26 00:56:18 INFO  TestBase:30 - Failure of TestMethodOne
2020-09-26 00:56:18 INFO  TestBase:30 - Failure of TestMethodOne
2020-09-26 00:58:04 INFO  WebDriverManager:269 - Please answer the following questionnaire based on your experience with WebDriverManager. Thanks a lot!
2020-09-26 00:58:04 INFO  WebDriverManager:271 - ====> http://tiny.cc/wdm-survey <====
2020-09-26 00:58:05 INFO  WebDriverManager:571 - Using chromedriver 85.0.4183.87 (since Chrome 85 is installed in your machine)
2020-09-26 00:58:05 INFO  WebDriverManager:615 - Exporting webdriver.chrome.driver as C:\Users\shami\.m2\repository\webdriver\chromedriver\win32\85.0.4183.87\chromedriver.exe
2020-09-26 00:58:16 INFO  WebDriverManager:269 - Please answer the following questionnaire based on your experience with WebDriverManager. Thanks a lot!
2020-09-26 00:58:16 INFO  WebDriverManager:271 - ====> http://tiny.cc/wdm-survey <====
2020-09-26 00:58:16 INFO  WebDriverManager:571 - Using chromedriver 85.0.4183.87 (since Chrome 85 is installed in your machine)
2020-09-26 00:58:16 INFO  WebDriverManager:615 - Exporting webdriver.chrome.driver as C:\Users\shami\.m2\repository\webdriver\chromedriver\win32\85.0.4183.87\chromedriver.exe
2020-09-26 00:59:22 INFO  WebDriverManager:269 - Please answer the following questionnaire based on your experience with WebDriverManager. Thanks a lot!
2020-09-26 00:59:22 INFO  WebDriverManager:271 - ====> http://tiny.cc/wdm-survey <====
2020-09-26 00:59:22 INFO  WebDriverManager:571 - Using chromedriver 85.0.4183.87 (since Chrome 85 is installed in your machine)
2020-09-26 00:59:22 INFO  WebDriverManager:615 - Exporting webdriver.chrome.driver as C:\Users\shami\.m2\repository\webdriver\chromedriver\win32\85.0.4183.87\chromedriver.exe
2020-09-26 00:59:32 INFO  WebDriverManager:269 - Please answer the following questionnaire based on your experience with WebDriverManager. Thanks a lot!
2020-09-26 00:59:32 INFO  WebDriverManager:271 - ====> http://tiny.cc/wdm-survey <====
2020-09-26 00:59:32 INFO  WebDriverManager:571 - Using chromedriver 85.0.4183.87 (since Chrome 85 is installed in your machine)
2020-09-26 00:59:32 INFO  WebDriverManager:615 - Exporting webdriver.chrome.driver as C:\Users\shami\.m2\repository\webdriver\chromedriver\win32\85.0.4183.87\chromedriver.exe
2020-09-26 01:03:42 INFO  WebDriverManager:269 - Please answer the following questionnaire based on your experience with WebDriverManager. Thanks a lot!
2020-09-26 01:03:42 INFO  WebDriverManager:271 - ====> http://tiny.cc/wdm-survey <====
2020-09-26 01:03:42 INFO  WebDriverManager:571 - Using chromedriver 85.0.4183.87 (since Chrome 85 is installed in your machine)
2020-09-26 01:03:42 INFO  WebDriverManager:615 - Exporting webdriver.chrome.driver as C:\Users\shami\.m2\repository\webdriver\chromedriver\win32\85.0.4183.87\chromedriver.exe
2020-09-26 01:03:51 INFO  WebDriverManager:269 - Please answer the following questionnaire based on your experience with WebDriverManager. Thanks a lot!
2020-09-26 01:03:51 INFO  WebDriverManager:271 - ====> http://tiny.cc/wdm-survey <====
2020-09-26 01:03:51 INFO  WebDriverManager:571 - Using chromedriver 85.0.4183.87 (since Chrome 85 is installed in your machine)
2020-09-26 01:03:51 INFO  WebDriverManager:615 - Exporting webdriver.chrome.driver as C:\Users\shami\.m2\repository\webdriver\chromedriver\win32\85.0.4183.87\chromedriver.exe
2020-09-26 01:10:51 INFO  WebDriverManager:269 - Please answer the following questionnaire based on your experience with WebDriverManager. Thanks a lot!
2020-09-26 01:10:51 INFO  WebDriverManager:271 - ====> http://tiny.cc/wdm-survey <====
2020-09-26 01:10:51 INFO  WebDriverManager:571 - Using chromedriver 85.0.4183.87 (since Chrome 85 is installed in your machine)
2020-09-26 01:10:51 INFO  WebDriverManager:615 - Exporting webdriver.chrome.driver as C:\Users\shami\.m2\repository\webdriver\chromedriver\win32\85.0.4183.87\chromedriver.exe
2020-09-26 01:11:03 INFO  WebDriverManager:269 - Please answer the following questionnaire based on your experience with WebDriverManager. Thanks a lot!
2020-09-26 01:11:03 INFO  WebDriverManager:271 - ====> http://tiny.cc/wdm-survey <====
2020-09-26 01:11:03 INFO  WebDriverManager:571 - Using chromedriver 85.0.4183.87 (since Chrome 85 is installed in your machine)
2020-09-26 01:11:03 INFO  WebDriverManager:615 - Exporting webdriver.chrome.driver as C:\Users\shami\.m2\repository\webdriver\chromedriver\win32\85.0.4183.87\chromedriver.exe
2020-09-26 01:12:43 INFO  WebDriverManager:269 - Please answer the following questionnaire based on your experience with WebDriverManager. Thanks a lot!
2020-09-26 01:12:43 INFO  WebDriverManager:271 - ====> http://tiny.cc/wdm-survey <====
2020-09-26 01:12:43 INFO  WebDriverManager:571 - Using chromedriver 85.0.4183.87 (since Chrome 85 is installed in your machine)
2020-09-26 01:12:43 INFO  WebDriverManager:615 - Exporting webdriver.chrome.driver as C:\Users\shami\.m2\repository\webdriver\chromedriver\win32\85.0.4183.87\chromedriver.exe
2020-09-26 01:12:53 INFO  WebDriverManager:269 - Please answer the following questionnaire based on your experience with WebDriverManager. Thanks a lot!
2020-09-26 01:12:53 INFO  WebDriverManager:271 - ====> http://tiny.cc/wdm-survey <====
2020-09-26 01:12:53 INFO  WebDriverManager:571 - Using chromedriver 85.0.4183.87 (since Chrome 85 is installed in your machine)
2020-09-26 01:12:53 INFO  WebDriverManager:615 - Exporting webdriver.chrome.driver as C:\Users\shami\.m2\repository\webdriver\chromedriver\win32\85.0.4183.87\chromedriver.exe
2020-09-26 01:19:45 INFO  WebDriverManager:269 - Please answer the following questionnaire based on your experience with WebDriverManager. Thanks a lot!
2020-09-26 01:19:45 INFO  WebDriverManager:271 - ====> http://tiny.cc/wdm-survey <====
2020-09-26 01:19:45 INFO  WebDriverManager:571 - Using chromedriver 85.0.4183.87 (since Chrome 85 is installed in your machine)
2020-09-26 01:19:45 INFO  WebDriverManager:615 - Exporting webdriver.chrome.driver as C:\Users\shami\.m2\repository\webdriver\chromedriver\win32\85.0.4183.87\chromedriver.exe
2020-09-26 01:19:55 INFO  WebDriverManager:269 - Please answer the following questionnaire based on your experience with WebDriverManager. Thanks a lot!
2020-09-26 01:19:55 INFO  WebDriverManager:271 - ====> http://tiny.cc/wdm-survey <====
2020-09-26 01:19:55 INFO  WebDriverManager:571 - Using chromedriver 85.0.4183.87 (since Chrome 85 is installed in your machine)
2020-09-26 01:19:55 INFO  WebDriverManager:615 - Exporting webdriver.chrome.driver as C:\Users\shami\.m2\repository\webdriver\chromedriver\win32\85.0.4183.87\chromedriver.exe
2020-09-26 01:23:13 INFO  WebDriverManager:269 - Please answer the following questionnaire based on your experience with WebDriverManager. Thanks a lot!
2020-09-26 01:23:13 INFO  WebDriverManager:271 - ====> http://tiny.cc/wdm-survey <====
2020-09-26 01:23:13 INFO  WebDriverManager:571 - Using chromedriver 85.0.4183.87 (since Chrome 85 is installed in your machine)
2020-09-26 01:23:14 INFO  WebDriverManager:615 - Exporting webdriver.chrome.driver as C:\Users\shami\.m2\repository\webdriver\chromedriver\win32\85.0.4183.87\chromedriver.exe
2020-09-26 01:23:23 INFO  WebDriverManager:269 - Please answer the following questionnaire based on your experience with WebDriverManager. Thanks a lot!
2020-09-26 01:23:23 INFO  WebDriverManager:271 - ====> http://tiny.cc/wdm-survey <====
2020-09-26 01:23:23 INFO  WebDriverManager:571 - Using chromedriver 85.0.4183.87 (since Chrome 85 is installed in your machine)
2020-09-26 01:23:23 INFO  WebDriverManager:615 - Exporting webdriver.chrome.driver as C:\Users\shami\.m2\repository\webdriver\chromedriver\win32\85.0.4183.87\chromedriver.exe
2020-09-26 01:27:58 INFO  WebDriverManager:269 - Please answer the following questionnaire based on your experience with WebDriverManager. Thanks a lot!
2020-09-26 01:27:58 INFO  WebDriverManager:271 - ====> http://tiny.cc/wdm-survey <====
2020-09-26 01:27:58 INFO  WebDriverManager:571 - Using chromedriver 85.0.4183.87 (since Chrome 85 is installed in your machine)
2020-09-26 01:27:58 INFO  WebDriverManager:615 - Exporting webdriver.chrome.driver as C:\Users\shami\.m2\repository\webdriver\chromedriver\win32\85.0.4183.87\chromedriver.exe
2020-09-26 01:28:08 INFO  WebDriverManager:269 - Please answer the following questionnaire based on your experience with WebDriverManager. Thanks a lot!
2020-09-26 01:28:08 INFO  WebDriverManager:271 - ====> http://tiny.cc/wdm-survey <====
2020-09-26 01:28:08 INFO  WebDriverManager:571 - Using chromedriver 85.0.4183.87 (since Chrome 85 is installed in your machine)
2020-09-26 01:28:08 INFO  WebDriverManager:615 - Exporting webdriver.chrome.driver as C:\Users\shami\.m2\repository\webdriver\chromedriver\win32\85.0.4183.87\chromedriver.exe
2020-09-26 01:33:11 INFO  WebDriverManager:269 - Please answer the following questionnaire based on your experience with WebDriverManager. Thanks a lot!
2020-09-26 01:33:11 INFO  WebDriverManager:271 - ====> http://tiny.cc/wdm-survey <====
2020-09-26 01:33:11 INFO  WebDriverManager:571 - Using chromedriver 85.0.4183.87 (since Chrome 85 is installed in your machine)
2020-09-26 01:33:11 INFO  WebDriverManager:615 - Exporting webdriver.chrome.driver as C:\Users\shami\.m2\repository\webdriver\chromedriver\win32\85.0.4183.87\chromedriver.exe
2020-09-26 01:33:22 INFO  WebDriverManager:269 - Please answer the following questionnaire based on your experience with WebDriverManager. Thanks a lot!
2020-09-26 01:33:22 INFO  WebDriverManager:271 - ====> http://tiny.cc/wdm-survey <====
2020-09-26 01:33:22 INFO  WebDriverManager:571 - Using chromedriver 85.0.4183.87 (since Chrome 85 is installed in your machine)
2020-09-26 01:33:22 INFO  WebDriverManager:615 - Exporting webdriver.chrome.driver as C:\Users\shami\.m2\repository\webdriver\chromedriver\win32\85.0.4183.87\chromedriver.exe
2020-09-26 01:33:34 INFO  WebDriverManager:269 - Please answer the following questionnaire based on your experience with WebDriverManager. Thanks a lot!
2020-09-26 01:33:34 INFO  WebDriverManager:271 - ====> http://tiny.cc/wdm-survey <====
2020-09-26 01:33:34 INFO  WebDriverManager:571 - Using chromedriver 85.0.4183.87 (since Chrome 85 is installed in your machine)
2020-09-26 01:33:34 INFO  WebDriverManager:615 - Exporting webdriver.chrome.driver as C:\Users\shami\.m2\repository\webdriver\chromedriver\win32\85.0.4183.87\chromedriver.exe
2020-09-26 01:34:41 INFO  WebDriverManager:269 - Please answer the following questionnaire based on your experience with WebDriverManager. Thanks a lot!
2020-09-26 01:34:41 INFO  WebDriverManager:271 - ====> http://tiny.cc/wdm-survey <====
2020-09-26 01:34:41 INFO  WebDriverManager:571 - Using chromedriver 85.0.4183.87 (since Chrome 85 is installed in your machine)
2020-09-26 01:34:41 INFO  WebDriverManager:615 - Exporting webdriver.chrome.driver as C:\Users\shami\.m2\repository\webdriver\chromedriver\win32\85.0.4183.87\chromedriver.exe
2020-09-26 01:34:51 INFO  WebDriverManager:269 - Please answer the following questionnaire based on your experience with WebDriverManager. Thanks a lot!
2020-09-26 01:34:51 INFO  WebDriverManager:271 - ====> http://tiny.cc/wdm-survey <====
2020-09-26 01:34:51 INFO  WebDriverManager:571 - Using chromedriver 85.0.4183.87 (since Chrome 85 is installed in your machine)
2020-09-26 01:34:51 INFO  WebDriverManager:615 - Exporting webdriver.chrome.driver as C:\Users\shami\.m2\repository\webdriver\chromedriver\win32\85.0.4183.87\chromedriver.exe
2020-09-26 01:35:00 INFO  WebDriverManager:269 - Please answer the following questionnaire based on your experience with WebDriverManager. Thanks a lot!
2020-09-26 01:35:00 INFO  WebDriverManager:271 - ====> http://tiny.cc/wdm-survey <====
2020-09-26 01:35:00 INFO  WebDriverManager:571 - Using chromedriver 85.0.4183.87 (since Chrome 85 is installed in your machine)
2020-09-26 01:35:00 INFO  WebDriverManager:615 - Exporting webdriver.chrome.driver as C:\Users\shami\.m2\repository\webdriver\chromedriver\win32\85.0.4183.87\chromedriver.exe
2020-09-26 01:37:56 INFO  WebDriverManager:269 - Please answer the following questionnaire based on your experience with WebDriverManager. Thanks a lot!
2020-09-26 01:37:56 INFO  WebDriverManager:271 - ====> http://tiny.cc/wdm-survey <====
2020-09-26 01:37:56 INFO  WebDriverManager:571 - Using chromedriver 85.0.4183.87 (since Chrome 85 is installed in your machine)
2020-09-26 01:37:56 INFO  WebDriverManager:615 - Exporting webdriver.chrome.driver as C:\Users\shami\.m2\repository\webdriver\chromedriver\win32\85.0.4183.87\chromedriver.exe
2020-09-26 01:38:06 INFO  WebDriverManager:269 - Please answer the following questionnaire based on your experience with WebDriverManager. Thanks a lot!
2020-09-26 01:38:06 INFO  WebDriverManager:271 - ====> http://tiny.cc/wdm-survey <====
2020-09-26 01:38:06 INFO  WebDriverManager:571 - Using chromedriver 85.0.4183.87 (since Chrome 85 is installed in your machine)
2020-09-26 01:38:06 INFO  WebDriverManager:615 - Exporting webdriver.chrome.driver as C:\Users\shami\.m2\repository\webdriver\chromedriver\win32\85.0.4183.87\chromedriver.exe
2020-09-26 01:38:14 INFO  WebDriverManager:269 - Please answer the following questionnaire based on your experience with WebDriverManager. Thanks a lot!
2020-09-26 01:38:14 INFO  WebDriverManager:271 - ====> http://tiny.cc/wdm-survey <====
2020-09-26 01:38:14 INFO  WebDriverManager:571 - Using chromedriver 85.0.4183.87 (since Chrome 85 is installed in your machine)
2020-09-26 01:38:14 INFO  WebDriverManager:615 - Exporting webdriver.chrome.driver as C:\Users\shami\.m2\repository\webdriver\chromedriver\win32\85.0.4183.87\chromedriver.exe
